Added Component: Designator=U4(SOT23-5)
Add component (AddParameter): Name = "Check_prices"; Value = "https://www.snapeda.com/parts/OPA333/Texas+Instruments/view-part/?ref=eda"; VariantName = "[No Variations]"
Add component (AddParameter): Name = "MF"; Value = "Texas Instruments"; VariantName = "[No Variations]"
Add component (AddParameter): Name = "MP"; Value = "OPA333"; VariantName = "[No Variations]"
Add component (AddParameter): Name = "Package"; Value = "None"; VariantName = "[No Variations]"
Add component (AddParameter): Name = "SnapEDA_Link"; Value = "https://www.snapeda.com/parts/OPA333/Texas+Instruments/view-part/?ref=snap"; VariantName = "[No Variations]"
Add component (AddParameter): Name = "Value"; Value = ""; VariantName = "[No Variations]"
Added Component: Designator=U5(SOT23-5)
Add component (AddParameter): Name = "Check_prices"; Value = "https://www.snapeda.com/parts/OPA333/Texas+Instruments/view-part/?ref=eda"; VariantName = "[No Variations]"
Add component (AddParameter): Name = "MF"; Value = "Texas Instruments"; VariantName = "[No Variations]"
Add component (AddParameter): Name = "MP"; Value = "OPA333"; VariantName = "[No Variations]"
Add component (AddParameter): Name = "Package"; Value = "None"; VariantName = "[No Variations]"
Add component (AddParameter): Name = "SnapEDA_Link"; Value = "https://www.snapeda.com/parts/OPA333/Texas+Instruments/view-part/?ref=snap"; VariantName = "[No Variations]"
Add component (AddParameter): Name = "Value"; Value = ""; VariantName = "[No Variations]"
Added Component: Designator=U6(SOT23-5)
Add component (AddParameter): Name = "Check_prices"; Value = "https://www.snapeda.com/parts/OPA333/Texas+Instruments/view-part/?ref=eda"; VariantName = "[No Variations]"
Add component (AddParameter): Name = "MF"; Value = "Texas Instruments"; VariantName = "[No Variations]"
Add component (AddParameter): Name = "MP"; Value = "OPA333"; VariantName = "[No Variations]"
Add component (AddParameter): Name = "Package"; Value = "None"; VariantName = "[No Variations]"
Add component (AddParameter): Name = "SnapEDA_Link"; Value = "https://www.snapeda.com/parts/OPA333/Texas+Instruments/view-part/?ref=snap"; VariantName = "[No Variations]"
Add component (AddParameter): Name = "Value"; Value = ""; VariantName = "[No Variations]"
Added Pin To Net: NetName=-9V Pin=U4-2
Added Pin To Net: NetName=NetR3_2 Pin=U4-3
Added Pin To Net: NetName=NetQ1_2 Pin=U4-4
Added Pin To Net: NetName=+9V Pin=U4-5
Added Pin To Net: NetName=NetC11_1 Pin=U5-1
Added Pin To Net: NetName=-9V Pin=U5-2
Added Pin To Net: NetName=NetC11_2 Pin=U5-4
Added Pin To Net: NetName=+9V Pin=U5-5
Added Pin To Net: NetName=NetJP1_1 Pin=U6-1
Added Pin To Net: NetName=-9V Pin=U6-2
Added Pin To Net: NetName=NetR14_2 Pin=U6-3
Added Pin To Net: NetName=NetJP1_1 Pin=U6-4
Added Pin To Net: NetName=+9V Pin=U6-5
Added Pin To Net: NetName=NetR4_2 Pin=R4-2
Added Pin To Net: NetName=NetR4_2 Pin=U5-3
Added Net: Name=NetR4_2
Added Pin To Net: NetName=NetR10_1 Pin=R10-1
Added Pin To Net: NetName=NetR10_1 Pin=U4-1
Added Net: Name=NetR10_1
Added Member To Class: ClassName=Measure Member=Component U4 OPA333
Added Member To Class: ClassName=Measure Member=Component U5 OPA333
Added Member To Class: ClassName=Measure Member=Component U6 OPA333
